{"level":"info","message":"Server is running on port: 8000","timestamp":"2026-02-06T07:05:26.855Z"}
{"level":"info","message":"Server is running on port: 8000","timestamp":"2026-02-06T07:16:40.376Z"}
{"level":"info","message":"::1 - - [06/Feb/2026:07:17:14 +0000] \"GET /api/v1/auth/login HTTP/1.1\" 404 156 \"-\" \"PostmanRuntime/7.39.1\"","timestamp":"2026-02-06T07:17:14.523Z"}
{"level":"info","message":"::1 - - [06/Feb/2026:07:17:43 +0000] \"POST /api/v1/auth/login HTTP/1.1\" 500 94 \"-\" \"PostmanRuntime/7.39.1\"","timestamp":"2026-02-06T07:17:43.682Z"}
{"level":"info","message":"Server is running on port: 8000","timestamp":"2026-02-06T07:18:41.070Z"}
{"level":"info","message":"::1 - - [06/Feb/2026:07:20:08 +0000] \"POST /api/v1/auth/login HTTP/1.1\" 500 99 \"-\" \"PostmanRuntime/7.39.1\"","timestamp":"2026-02-06T07:20:08.266Z"}
{"level":"info","message":"Server is running on port: 8000","timestamp":"2026-02-06T07:22:08.327Z"}
{"level":"info","message":"::1 - - [06/Feb/2026:07:22:53 +0000] \"POST /api/v1/auth/login HTTP/1.1\" 401 55 \"-\" \"PostmanRuntime/7.39.1\"","timestamp":"2026-02-06T07:22:53.945Z"}
{"level":"info","message":"Server is running on port: 8000","timestamp":"2026-02-06T07:28:37.970Z"}
{"level":"info","message":"Server is running on port: 8000","timestamp":"2026-02-06T07:29:56.236Z"}
{"level":"info","message":"Server is running on port: 8000","timestamp":"2026-02-06T07:31:00.240Z"}
{"level":"info","message":"::1 - - [06/Feb/2026:07:31:49 +0000] \"POST /api/v1/auth/login HTTP/1.1\" 401 55 \"-\" \"PostmanRuntime/7.39.1\"","timestamp":"2026-02-06T07:31:49.299Z"}
{"level":"info","message":"Server is running on port: 8000","timestamp":"2026-02-06T07:35:48.503Z"}
{"level":"info","message":"Server is running on port: 8000","timestamp":"2026-02-06T07:36:33.702Z"}
{"level":"info","message":"::1 - - [06/Feb/2026:07:37:21 +0000] \"POST /api/auth/login HTTP/1.1\" 404 154 \"-\" \"PostmanRuntime/7.39.1\"","timestamp":"2026-02-06T07:37:21.476Z"}
{"level":"info","message":"::1 - - [06/Feb/2026:07:38:02 +0000] \"POST /api/v1/auth/login HTTP/1.1\" 401 55 \"-\" \"PostmanRuntime/7.39.1\"","timestamp":"2026-02-06T07:38:02.927Z"}
{"level":"info","message":"Server is running on port: 8000","timestamp":"2026-02-06T07:39:56.299Z"}
{"level":"info","message":"Server is running on port: 8000","timestamp":"2026-02-06T07:40:32.472Z"}
{"level":"info","message":"::1 - - [06/Feb/2026:07:40:40 +0000] \"POST /api/v1/auth/login HTTP/1.1\" 401 55 \"-\" \"PostmanRuntime/7.39.1\"","timestamp":"2026-02-06T07:40:40.129Z"}
{"level":"info","message":"Server is running on port: 8000","timestamp":"2026-02-06T07:41:03.969Z"}
{"level":"info","message":"::1 - - [06/Feb/2026:07:42:00 +0000] \"POST /api/v1/auth/login HTTP/1.1\" 401 55 \"-\" \"PostmanRuntime/7.39.1\"","timestamp":"2026-02-06T07:42:00.228Z"}
{"level":"info","message":"Server is running on port: 8000","timestamp":"2026-02-06T07:47:04.065Z"}
{"level":"info","message":"Server is running on port: 8000","timestamp":"2026-02-06T07:50:34.843Z"}
{"level":"info","message":"Server is running on port: 8000","timestamp":"2026-02-06T07:50:36.491Z"}
{"level":"info","message":"::1 - - [06/Feb/2026:07:52:51 +0000] \"POST /api/v1/auth/signup HTTP/1.1\" 201 80 \"-\" \"PostmanRuntime/7.39.1\"","timestamp":"2026-02-06T07:52:51.588Z"}
{"level":"info","message":"Server is running on port: 8000","timestamp":"2026-02-06T07:52:52.994Z"}
{"level":"info","message":"::1 - - [06/Feb/2026:07:53:52 +0000] \"POST /api/v1/auth/login HTTP/1.1\" 500 67 \"-\" \"PostmanRuntime/7.39.1\"","timestamp":"2026-02-06T07:53:52.878Z"}
{"level":"info","message":"Server is running on port: 8000","timestamp":"2026-02-06T07:54:14.876Z"}
{"level":"info","message":"::1 - - [06/Feb/2026:07:54:36 +0000] \"POST /api/v1/auth/login HTTP/1.1\" 400 80 \"-\" \"PostmanRuntime/7.39.1\"","timestamp":"2026-02-06T07:54:36.669Z"}
{"level":"info","message":"::1 - - [06/Feb/2026:07:54:46 +0000] \"POST /api/v1/auth/login HTTP/1.1\" 500 67 \"-\" \"PostmanRuntime/7.39.1\"","timestamp":"2026-02-06T07:54:46.005Z"}
{"level":"info","message":"Server is running on port: 8000","timestamp":"2026-02-06T07:57:04.778Z"}
{"level":"info","message":"Server is running on port: 8000","timestamp":"2026-02-06T07:57:52.594Z"}
{"level":"info","message":"Server is running on port: 8000","timestamp":"2026-02-06T07:58:28.113Z"}
{"level":"info","message":"::1 - - [06/Feb/2026:07:59:41 +0000] \"POST /api/v1/auth/login HTTP/1.1\" 500 77 \"-\" \"PostmanRuntime/7.39.1\"","timestamp":"2026-02-06T07:59:41.393Z"}
{"level":"info","message":"Server is running on port: 8000","timestamp":"2026-02-06T08:06:48.755Z"}
{"level":"info","message":"Server is running on port: 8000","timestamp":"2026-02-06T08:07:34.153Z"}
{"level":"info","message":"::1 - - [06/Feb/2026:08:11:08 +0000] \"POST /api/v1/auth/login HTTP/1.1\" 401 55 \"-\" \"PostmanRuntime/7.39.1\"","timestamp":"2026-02-06T08:11:08.899Z"}
{"level":"info","message":"::1 - - [06/Feb/2026:08:14:30 +0000] \"POST /api/v1/auth/signup HTTP/1.1\" 201 80 \"-\" \"PostmanRuntime/7.39.1\"","timestamp":"2026-02-06T08:14:30.646Z"}
{"level":"info","message":"Server is running on port: 8000","timestamp":"2026-02-06T08:23:10.681Z"}
{"level":"info","message":"::1 - - [06/Feb/2026:08:25:04 +0000] \"POST /api/v1/auth/login HTTP/1.1\" 500 77 \"-\" \"PostmanRuntime/7.39.1\"","timestamp":"2026-02-06T08:25:04.403Z"}
{"level":"info","message":"::1 - - [06/Feb/2026:08:26:14 +0000] \"POST /api/v1/auth/login HTTP/1.1\" 200 360 \"-\" \"PostmanRuntime/7.39.1\"","timestamp":"2026-02-06T08:26:14.063Z"}
{"level":"info","message":"::1 - - [06/Feb/2026:08:27:57 +0000] \"POST /api/v1/auth/signup HTTP/1.1\" 201 80 \"-\" \"PostmanRuntime/7.39.1\"","timestamp":"2026-02-06T08:27:57.724Z"}
{"level":"info","message":"Server is running on port: 8000","timestamp":"2026-02-06T08:50:53.187Z"}
{"level":"info","message":"Server is running on port: 8000","timestamp":"2026-02-06T08:50:53.913Z"}
{"level":"info","message":"Server is running on port: 8000","timestamp":"2026-02-06T08:51:03.490Z"}
{"level":"info","message":"Server is running on port: 8000","timestamp":"2026-02-06T08:51:12.680Z"}
{"level":"info","message":"Server is running on port: 8000","timestamp":"2026-02-06T08:51:14.309Z"}
{"level":"info","message":"Server is running on port: 8000","timestamp":"2026-02-06T08:57:06.103Z"}
{"level":"info","message":"Server is running on port: 8000","timestamp":"2026-02-06T08:57:07.328Z"}
{"level":"info","message":"Server is running on port: 8000","timestamp":"2026-02-06T09:03:38.593Z"}
{"level":"info","message":"Server is running on port: 8000","timestamp":"2026-02-06T09:07:03.571Z"}
{"level":"info","message":"Server is running on port: 8000","timestamp":"2026-02-06T09:08:25.411Z"}
{"level":"info","message":"Server is running on port: 8000","timestamp":"2026-02-06T09:08:49.262Z"}
{"level":"info","message":"Server is running on port: 8000","timestamp":"2026-02-06T09:13:19.327Z"}
{"level":"info","message":"::1 - - [06/Feb/2026:09:13:24 +0000] \"POST /api/v1/auth/signup HTTP/1.1\" 400 54 \"-\" \"PostmanRuntime/7.39.1\"","timestamp":"2026-02-06T09:13:24.981Z"}
{"level":"info","message":"Server is running on port: 8000","timestamp":"2026-02-06T09:20:03.500Z"}
{"level":"info","message":"::1 - - [06/Feb/2026:09:20:50 +0000] \"POST /api/v1/auth/signup HTTP/1.1\" 500 66 \"-\" \"PostmanRuntime/7.39.1\"","timestamp":"2026-02-06T09:20:50.767Z"}
{"level":"info","message":"Server is running on port: 8000","timestamp":"2026-02-06T09:21:33.476Z"}
{"level":"info","message":"::1 - - [06/Feb/2026:09:22:21 +0000] \"POST /api/v1/auth/signup HTTP/1.1\" 400 54 \"-\" \"PostmanRuntime/7.39.1\"","timestamp":"2026-02-06T09:22:21.031Z"}
{"level":"info","message":"Server is running on port: 8000","timestamp":"2026-02-09T02:15:01.568Z"}
{"level":"info","message":"Server is running on port: 8000","timestamp":"2026-02-09T02:15:03.106Z"}
{"level":"info","message":"Server is running on port: 8000","timestamp":"2026-02-09T02:15:06.913Z"}
{"level":"info","message":"::1 - - [09/Feb/2026:02:16:29 +0000] \"POST /api/v1/auth/signup HTTP/1.1\" 201 75 \"-\" \"PostmanRuntime/7.39.1\"","timestamp":"2026-02-09T02:16:29.288Z"}
{"level":"info","message":"Server is running on port: 8000","timestamp":"2026-02-09T03:33:30.964Z"}
{"level":"info","message":"Server is running on port: 8000","timestamp":"2026-02-09T05:22:16.541Z"}
{"level":"info","message":"Server is running on port: 8000","timestamp":"2026-02-09T05:22:18.295Z"}
{"level":"info","message":"Server is running on port: 8000","timestamp":"2026-02-09T05:23:23.579Z"}
{"level":"info","message":"Server is running on port: 8000","timestamp":"2026-02-09T05:23:51.469Z"}
{"level":"info","message":"Server is running on port: 8000","timestamp":"2026-02-09T05:23:59.565Z"}
{"level":"info","message":"Server is running on port: 8000","timestamp":"2026-02-09T05:25:50.738Z"}
{"level":"info","message":"::1 - - [09/Feb/2026:05:30:08 +0000] \"GET /api/v1/auth/google HTTP/1.1\" 302 0 \"-\" \"Mozilla/5.0 (Windows NT 10.0; Win64; x64) AppleWebKit/537.36 (KHTML, like Gecko) Chrome/144.0.0.0 Safari/537.36\"","timestamp":"2026-02-09T05:30:08.258Z"}
{"level":"info","message":"::1 - - [09/Feb/2026:05:30:09 +0000] \"GET /api/v1/auth/google/callback?code=4%2F0ASc3gC0V4WQIzbS5p72UzKPdYRiZHvzxcEQlRK4mBEoPVo2f6XybwgtpD1EYhLAvaliBNw&scope=email+profile+https%3A%2F%2Fwww.googleapis.com%2Fauth%2Fuserinfo.profile+https%3A%2F%2Fwww.googleapis.com%2Fauth%2Fuserinfo.email+openid&authuser=0&prompt=none HTTP/1.1\" 200 373 \"-\" \"Mozilla/5.0 (Windows NT 10.0; Win64; x64) AppleWebKit/537.36 (KHTML, like Gecko) Chrome/144.0.0.0 Safari/537.36\"","timestamp":"2026-02-09T05:30:09.390Z"}
{"level":"info","message":"Server is running on port: 8000","timestamp":"2026-02-09T05:30:11.581Z"}
{"level":"info","message":"::1 - - [09/Feb/2026:05:32:53 +0000] \"GET /api/v1/user/deactivate HTTP/1.1\" 404 161 \"-\" \"PostmanRuntime/7.39.1\"","timestamp":"2026-02-09T05:32:53.883Z"}
{"level":"info","message":"::1 - - [09/Feb/2026:05:39:26 +0000] \"GET /api/v1/user/deactivate HTTP/1.1\" 404 161 \"-\" \"PostmanRuntime/7.39.1\"","timestamp":"2026-02-09T05:39:26.255Z"}
{"level":"info","message":"Server is running on port: 8000","timestamp":"2026-02-09T05:42:12.194Z"}
{"level":"info","message":"Server is running on port: 8000","timestamp":"2026-02-09T05:42:35.517Z"}
{"level":"info","message":"::1 - - [09/Feb/2026:05:47:41 +0000] \"GET /api/v1/auth/google HTTP/1.1\" 302 0 \"-\" \"Mozilla/5.0 (Windows NT 10.0; Win64; x64) AppleWebKit/537.36 (KHTML, like Gecko) Chrome/144.0.0.0 Safari/537.36\"","timestamp":"2026-02-09T05:47:41.451Z"}
{"level":"info","message":"::1 - - [09/Feb/2026:05:47:42 +0000] \"GET /api/v1/auth/google/callback?code=4%2F0ASc3gC0SYY3UD8RGBjt8NbVojTh2Pjma0_unB-EwNzuROUOhPIoDrn0t9GFplMbU1i2q2w&scope=email+profile+https%3A%2F%2Fwww.googleapis.com%2Fauth%2Fuserinfo.profile+https%3A%2F%2Fwww.googleapis.com%2Fauth%2Fuserinfo.email+openid&authuser=0&prompt=none HTTP/1.1\" 200 373 \"-\" \"Mozilla/5.0 (Windows NT 10.0; Win64; x64) AppleWebKit/537.36 (KHTML, like Gecko) Chrome/144.0.0.0 Safari/537.36\"","timestamp":"2026-02-09T05:47:42.327Z"}
{"level":"info","message":"::1 - - [09/Feb/2026:05:49:08 +0000] \"PATCH /api/v1/user/deactivate HTTP/1.1\" 200 99 \"-\" \"PostmanRuntime/7.39.1\"","timestamp":"2026-02-09T05:49:08.545Z"}
{"level":"info","message":"::1 - - [09/Feb/2026:05:51:06 +0000] \"GET /api/v1/auth/google HTTP/1.1\" 302 0 \"-\" \"Mozilla/5.0 (Windows NT 10.0; Win64; x64) AppleWebKit/537.36 (KHTML, like Gecko) Chrome/144.0.0.0 Safari/537.36\"","timestamp":"2026-02-09T05:51:06.284Z"}
{"level":"info","message":"::1 - - [09/Feb/2026:05:51:06 +0000] \"GET /api/v1/auth/google HTTP/1.1\" 302 0 \"-\" \"Mozilla/5.0 (Windows NT 10.0; Win64; x64) AppleWebKit/537.36 (KHTML, like Gecko) Chrome/144.0.0.0 Safari/537.36\"","timestamp":"2026-02-09T05:51:06.588Z"}
{"level":"info","message":"::1 - - [09/Feb/2026:05:51:07 +0000] \"GET /api/v1/auth/google/callback?code=4%2F0ASc3gC3qHk3lc0j7MbpTVPettN6Y9sZFDBj8cLMtjsAyxGPRHNVABjK7RLy1bVr57QA6xg&scope=email+profile+https%3A%2F%2Fwww.googleapis.com%2Fauth%2Fuserinfo.email+https%3A%2F%2Fwww.googleapis.com%2Fauth%2Fuserinfo.profile+openid&authuser=0&prompt=none HTTP/1.1\" 302 35 \"-\" \"Mozilla/5.0 (Windows NT 10.0; Win64; x64) AppleWebKit/537.36 (KHTML, like Gecko) Chrome/144.0.0.0 Safari/537.36\"","timestamp":"2026-02-09T05:51:07.414Z"}
{"level":"info","message":"::1 - - [09/Feb/2026:05:51:07 +0000] \"GET /login HTTP/1.1\" 404 144 \"-\" \"Mozilla/5.0 (Windows NT 10.0; Win64; x64) AppleWebKit/537.36 (KHTML, like Gecko) Chrome/144.0.0.0 Safari/537.36\"","timestamp":"2026-02-09T05:51:07.459Z"}
{"level":"info","message":"::1 - - [09/Feb/2026:05:54:08 +0000] \"GET /api/v1/auth/google HTTP/1.1\" 302 0 \"-\" \"Mozilla/5.0 (Windows NT 10.0; Win64; x64) AppleWebKit/537.36 (KHTML, like Gecko) Chrome/144.0.0.0 Safari/537.36\"","timestamp":"2026-02-09T05:54:08.673Z"}
{"level":"info","message":"::1 - - [09/Feb/2026:05:54:14 +0000] \"GET /api/v1/auth/google HTTP/1.1\" 302 0 \"-\" \"Mozilla/5.0 (Windows NT 10.0; Win64; x64) AppleWebKit/537.36 (KHTML, like Gecko) Chrome/144.0.0.0 Safari/537.36\"","timestamp":"2026-02-09T05:54:14.101Z"}
{"level":"info","message":"::1 - - [09/Feb/2026:05:54:14 +0000] \"GET /api/v1/auth/google/callback?code=4%2F0ASc3gC0OkeeTtZ3f56nswNWhZrnGFQabFBqAlGsW4K44juMiP0BJwl6pceQgrv3CTuNshA&scope=email+profile+openid+https%3A%2F%2Fwww.googleapis.com%2Fauth%2Fuserinfo.email+https%3A%2F%2Fwww.googleapis.com%2Fauth%2Fuserinfo.profile&authuser=0&prompt=none HTTP/1.1\" 200 373 \"-\" \"Mozilla/5.0 (Windows NT 10.0; Win64; x64) AppleWebKit/537.36 (KHTML, like Gecko) Chrome/144.0.0.0 Safari/537.36\"","timestamp":"2026-02-09T05:54:14.989Z"}
{"level":"info","message":"::1 - - [09/Feb/2026:05:55:58 +0000] \"GET /api/v1/user/deactivate HTTP/1.1\" 404 161 \"-\" \"PostmanRuntime/7.39.1\"","timestamp":"2026-02-09T05:55:58.745Z"}
{"level":"info","message":"::1 - - [09/Feb/2026:05:58:08 +0000] \"GET /api/v1/auth/google HTTP/1.1\" 302 0 \"-\" \"Mozilla/5.0 (Windows NT 10.0; Win64; x64) AppleWebKit/537.36 (KHTML, like Gecko) Chrome/144.0.0.0 Safari/537.36\"","timestamp":"2026-02-09T05:58:08.851Z"}
{"level":"info","message":"::1 - - [09/Feb/2026:05:58:09 +0000] \"GET /api/v1/auth/google/callback?code=4%2F0ASc3gC3ZjNEH3BVme3zZxka106ew-h0PQLBPRfMC0c7PRmRQYGEgZYp1Os8-qoLlYJmEOQ&scope=email+profile+https%3A%2F%2Fwww.googleapis.com%2Fauth%2Fuserinfo.email+https%3A%2F%2Fwww.googleapis.com%2Fauth%2Fuserinfo.profile+openid&authuser=0&prompt=none HTTP/1.1\" 200 375 \"-\" \"Mozilla/5.0 (Windows NT 10.0; Win64; x64) AppleWebKit/537.36 (KHTML, like Gecko) Chrome/144.0.0.0 Safari/537.36\"","timestamp":"2026-02-09T05:58:09.594Z"}
{"level":"info","message":"Server is running on port: 8000","timestamp":"2026-02-09T05:58:33.213Z"}
{"level":"info","message":"::1 - - [09/Feb/2026:05:59:24 +0000] \"PATCH /api/v1/user/deactivate HTTP/1.1\" 200 99 \"-\" \"PostmanRuntime/7.39.1\"","timestamp":"2026-02-09T05:59:24.849Z"}
{"level":"info","message":"::1 - - [09/Feb/2026:06:00:41 +0000] \"PATCH /api/v1/user/reactivate HTTP/1.1\" 200 67 \"-\" \"PostmanRuntime/7.39.1\"","timestamp":"2026-02-09T06:00:41.915Z"}
{"level":"info","message":"::1 - - [09/Feb/2026:06:01:03 +0000] \"GET /api/v1/auth/login HTTP/1.1\" 404 156 \"-\" \"Mozilla/5.0 (Windows NT 10.0; Win64; x64) AppleWebKit/537.36 (KHTML, like Gecko) Chrome/144.0.0.0 Safari/537.36\"","timestamp":"2026-02-09T06:01:03.225Z"}
{"level":"info","message":"::1 - - [09/Feb/2026:06:01:09 +0000] \"GET /api/v1/auth/google HTTP/1.1\" 302 0 \"-\" \"Mozilla/5.0 (Windows NT 10.0; Win64; x64) AppleWebKit/537.36 (KHTML, like Gecko) Chrome/144.0.0.0 Safari/537.36\"","timestamp":"2026-02-09T06:01:09.879Z"}
{"level":"info","message":"::1 - - [09/Feb/2026:06:01:10 +0000] \"GET /api/v1/auth/google/callback?code=4%2F0ASc3gC1YhIXJBtBJxF8AHtV6HHDhaLQxfHxzRBEAbjGGFFbQRjJZv4HNACg2YVVgr8uspA&scope=email+profile+https%3A%2F%2Fwww.googleapis.com%2Fauth%2Fuserinfo.profile+openid+https%3A%2F%2Fwww.googleapis.com%2Fauth%2Fuserinfo.email&authuser=0&prompt=none HTTP/1.1\" 200 375 \"-\" \"Mozilla/5.0 (Windows NT 10.0; Win64; x64) AppleWebKit/537.36 (KHTML, like Gecko) Chrome/144.0.0.0 Safari/537.36\"","timestamp":"2026-02-09T06:01:10.725Z"}
{"level":"info","message":"::1 - - [09/Feb/2026:06:04:30 +0000] \"GET /api/v1/auth/google HTTP/1.1\" 302 0 \"-\" \"Mozilla/5.0 (Windows NT 10.0; Win64; x64) AppleWebKit/537.36 (KHTML, like Gecko) Chrome/144.0.0.0 Safari/537.36\"","timestamp":"2026-02-09T06:04:30.949Z"}
{"level":"info","message":"::1 - - [09/Feb/2026:06:04:31 +0000] \"GET /api/v1/auth/google HTTP/1.1\" 302 0 \"-\" \"Mozilla/5.0 (Windows NT 10.0; Win64; x64) AppleWebKit/537.36 (KHTML, like Gecko) Chrome/144.0.0.0 Safari/537.36\"","timestamp":"2026-02-09T06:04:31.807Z"}
{"level":"info","message":"::1 - - [09/Feb/2026:06:04:32 +0000] \"GET /api/v1/auth/google/callback?code=4%2F0ASc3gC2zJbr-xf-siqODUPNM2HTpNPqJrtdEzyTFU3t2yjnRxml7D2RtcdaTVCMCP0IqcQ&scope=email+profile+openid+https%3A%2F%2Fwww.googleapis.com%2Fauth%2Fuserinfo.profile+https%3A%2F%2Fwww.googleapis.com%2Fauth%2Fuserinfo.email&authuser=0&prompt=none HTTP/1.1\" 200 375 \"-\" \"Mozilla/5.0 (Windows NT 10.0; Win64; x64) AppleWebKit/537.36 (KHTML, like Gecko) Chrome/144.0.0.0 Safari/537.36\"","timestamp":"2026-02-09T06:04:32.698Z"}
{"level":"info","message":"Server is running on port: 8000","timestamp":"2026-02-09T06:07:04.349Z"}
{"level":"info","message":"Server is running on port: 8000","timestamp":"2026-02-09T06:08:24.421Z"}
{"level":"info","message":"Server is running on port: 8000","timestamp":"2026-02-09T06:10:29.847Z"}
{"level":"info","message":"Server is running on port: 8000","timestamp":"2026-02-09T06:10:35.913Z"}
{"level":"info","message":"Server is running on port: 8000","timestamp":"2026-02-09T06:12:11.884Z"}
{"level":"info","message":"Server is running on port: 8000","timestamp":"2026-02-09T06:14:25.035Z"}
